<?xml version="1.0" encoding="UTF-8"?>
<testng-results ignored="0" total="5" passed="5" failed="0" skipped="0">
  <reporter-output>
  </reporter-output>
  <suite started-at="2025-09-13T23:41:36 IST" name="Default suite" finished-at="2025-09-13T23:45:38 IST" duration-ms="241794">
    <groups>
      <group name="cucumber">
        <method signature="AbstractTestNGCucumberTests.runScenario(io.cucumber.testng.PickleWrapper,io.cucumber.testng.FeatureWrapper)[pri:0, instance:com.runner.TestRunner@6f4a47c7]" name="runScenario" class="io.cucumber.testng.AbstractTestNGCucumberTests"/>
      </group> <!-- cucumber -->
    </groups>
    <test started-at="2025-09-13T23:41:36 IST" name="Default test" finished-at="2025-09-13T23:45:38 IST" duration-ms="241794">
      <class name="com.runner.TestRunner">
        <test-method is-config="true" signature="setUpClass(org.testng.ITestContext)[pri:0, instance:com.runner.TestRunner@6f4a47c7]" started-at="2025-09-13T23:41:36 IST" name="setUpClass" finished-at="2025-09-13T23:41:38 IST" duration-ms="2044" status="PASS">
          <params>
            <param index="0">
              <value>
                <![CDATA[org.testng.TestRunner@43549c6c]]>
              </value>
            </param>
          </params>
          <reporter-output>
          </reporter-output>
        </test-method> <!-- setUpClass -->
        <test-method signature="runScenario(io.cucumber.testng.PickleWrapper,io.cucumber.testng.FeatureWrapper)[pri:0, instance:com.runner.TestRunner@6f4a47c7]" started-at="2025-09-13T23:41:38 IST" name="runScenario" description="Runs Cucumber Scenarios" data-provider="scenarios" finished-at="2025-09-13T23:42:37 IST" duration-ms="59174" status="PASS">
          <params>
            <param index="0">
              <value>
                <![CDATA["Successful login with valid  number"]]>
              </value>
            </param>
            <param index="1">
              <value>
                <![CDATA["Mobile Login"]]>
              </value>
            </param>
          </params>
          <reporter-output>
          </reporter-output>
        </test-method> <!-- runScenario -->
        <test-method signature="runScenario(io.cucumber.testng.PickleWrapper,io.cucumber.testng.FeatureWrapper)[pri:0, instance:com.runner.TestRunner@6f4a47c7]" started-at="2025-09-13T23:42:37 IST" name="runScenario" description="Runs Cucumber Scenarios" data-provider="scenarios" finished-at="2025-09-13T23:42:55 IST" duration-ms="17330" status="PASS">
          <params>
            <param index="0">
              <value>
                <![CDATA["Unsuccessful login with invalid mobile number"]]>
              </value>
            </param>
            <param index="1">
              <value>
                <![CDATA["Mobile Login"]]>
              </value>
            </param>
          </params>
          <reporter-output>
          </reporter-output>
        </test-method> <!-- runScenario -->
        <test-method signature="runScenario(io.cucumber.testng.PickleWrapper,io.cucumber.testng.FeatureWrapper)[pri:0, instance:com.runner.TestRunner@6f4a47c7]" started-at="2025-09-13T23:42:55 IST" name="runScenario" description="Runs Cucumber Scenarios" data-provider="scenarios" finished-at="2025-09-13T23:43:25 IST" duration-ms="30518" status="PASS">
          <params>
            <param index="0">
              <value>
                <![CDATA["Search One Way Trip flights and see results"]]>
              </value>
            </param>
            <param index="1">
              <value>
                <![CDATA["Search OneWay Trip Flights"]]>
              </value>
            </param>
          </params>
          <reporter-output>
          </reporter-output>
        </test-method> <!-- runScenario -->
        <test-method signature="runScenario(io.cucumber.testng.PickleWrapper,io.cucumber.testng.FeatureWrapper)[pri:0, instance:com.runner.TestRunner@6f4a47c7]" started-at="2025-09-13T23:43:25 IST" name="runScenario" description="Runs Cucumber Scenarios" data-provider="scenarios" finished-at="2025-09-13T23:44:59 IST" duration-ms="93354" status="PASS">
          <params>
            <param index="0">
              <value>
                <![CDATA["Application of filters for selecting the flight"]]>
              </value>
            </param>
            <param index="1">
              <value>
                <![CDATA["Apply Filters and Search Flights"]]>
              </value>
            </param>
          </params>
          <reporter-output>
          </reporter-output>
        </test-method> <!-- runScenario -->
        <test-method signature="runScenario(io.cucumber.testng.PickleWrapper,io.cucumber.testng.FeatureWrapper)[pri:0, instance:com.runner.TestRunner@6f4a47c7]" started-at="2025-09-13T23:44:59 IST" name="runScenario" description="Runs Cucumber Scenarios" data-provider="scenarios" finished-at="2025-09-13T23:45:38 IST" duration-ms="38883" status="PASS">
          <params>
            <param index="0">
              <value>
                <![CDATA["User opens first travel story, closes, then opens another after login"]]>
              </value>
            </param>
            <param index="1">
              <value>
                <![CDATA["News And Travel Stories"]]>
              </value>
            </param>
          </params>
          <reporter-output>
          </reporter-output>
        </test-method> <!-- runScenario -->
        <test-method is-config="true" signature="tearDownClass()[pri:0, instance:com.runner.TestRunner@6f4a47c7]" started-at="2025-09-13T23:45:38 IST" name="tearDownClass" finished-at="2025-09-13T23:45:38 IST" duration-ms="379" status="PASS">
          <reporter-output>
          </reporter-output>
        </test-method> <!-- tearDownClass -->
      </class> <!-- com.runner.TestRunner -->
    </test> <!-- Default test -->
  </suite> <!-- Default suite -->
</testng-results>
